d:\code_2017\tof_face_landmark\tof_face_landmark\x64\release\tof_face_landmark.pdb
d:\code_2017\tof_face_landmark\tof_face_landmark\x64\release\train.obj
d:\code_2017\tof_face_landmark\tof_face_landmark\x64\release\test.obj
d:\code_2017\tof_face_landmark\tof_face_landmark\x64\release\facedetect.obj
d:\code_2017\tof_face_landmark\tof_face_landmark\x64\release\rf.obj
d:\code_2017\tof_face_landmark\tof_face_landmark\x64\release\prepare.obj
d:\code_2017\tof_face_landmark\tof_face_landmark\x64\release\picornt.obj
d:\code_2017\tof_face_landmark\tof_face_landmark\x64\release\tron.obj
d:\code_2017\tof_face_landmark\tof_face_landmark\x64\release\linear.obj
d:\code_2017\tof_face_landmark\tof_face_landmark\x64\release\lbf.obj
d:\code_2017\tof_face_landmark\tof_face_landmark\x64\release\common.obj
d:\code_2017\tof_face_landmark\tof_face_landmark\x64\release\dscal.obj
d:\code_2017\tof_face_landmark\tof_face_landmark\x64\release\dnrm2.obj
d:\code_2017\tof_face_landmark\tof_face_landmark\x64\release\ddot.obj
d:\code_2017\tof_face_landmark\tof_face_landmark\x64\release\daxpy.obj
d:\code_2017\tof_face_landmark\tof_face_landmark\lib\tof_face_landmark.lib
d:\code_2017\tof_face_landmark\tof_face_landmark\x64\release\tof_face.c9f4ce39.tlog\cl.command.1.tlog
d:\code_2017\tof_face_landmark\tof_face_landmark\x64\release\tof_face.c9f4ce39.tlog\cl.read.1.tlog
d:\code_2017\tof_face_landmark\tof_face_landmark\x64\release\tof_face.c9f4ce39.tlog\cl.write.1.tlog
d:\code_2017\tof_face_landmark\tof_face_landmark\x64\release\tof_face.c9f4ce39.tlog\lib-link.read.1.tlog
d:\code_2017\tof_face_landmark\tof_face_landmark\x64\release\tof_face.c9f4ce39.tlog\lib-link.write.1.tlog
d:\code_2017\tof_face_landmark\tof_face_landmark\x64\release\tof_face.c9f4ce39.tlog\lib.command.1.tlog
