  common.cpp
common.cpp(114): warning C4267: “初始化”: 从“size_t”转换到“int”，可能丢失数据
common.cpp(151): warning C4267: “初始化”: 从“size_t”转换到“int”，可能丢失数据
common.cpp(164): warning C4267: “初始化”: 从“size_t”转换到“int”，可能丢失数据
common.cpp(179): warning C4244: “参数”: 从“const double”转换到“int”，可能丢失数据
common.cpp(181): warning C4244: “参数”: 从“const double”转换到“int”，可能丢失数据
  lbf.cpp
lbf.cpp(37): warning C4267: “初始化”: 从“size_t”转换到“int”，可能丢失数据
lbf.cpp(68): warning C4244: “初始化”: 从“int64”转换到“double”，可能丢失数据
lbf.cpp(81): warning C4244: “初始化”: 从“int64”转换到“double”，可能丢失数据
lbf.cpp(144): warning C4267: “初始化”: 从“size_t”转换到“int”，可能丢失数据
lbf.cpp(146): warning C4244: “初始化”: 从“int64”转换到“double”，可能丢失数据
lbf.cpp(175): warning C4267: “初始化”: 从“size_t”转换到“int”，可能丢失数据
lbf.cpp(188): warning C4244: “=”: 从“double”转换到“int”，可能丢失数据
  linear.cpp
  tron.cpp
  picornt.cpp
picornt.cpp(40): warning C4334: “<<”: 32 位移位的结果被隐式转换为 64 位(是否希望进行 64 位移位?)
picornt.cpp(49): warning C4334: “<<”: 32 位移位的结果被隐式转换为 64 位(是否希望进行 64 位移位?)
picornt.cpp(102): warning C4334: “<<”: 32 位移位的结果被隐式转换为 64 位(是否希望进行 64 位移位?)
picornt.cpp(115): warning C4334: “<<”: 32 位移位的结果被隐式转换为 64 位(是否希望进行 64 位移位?)
picornt.cpp(180): warning C4244: “参数”: 从“float”转换到“int”，可能丢失数据
picornt.cpp(182): warning C4244: “参数”: 从“float”转换到“int”，可能丢失数据
  prepare.cpp
  rf.cpp
rf.cpp(35): warning C4267: “参数”: 从“size_t”转换到“int”，可能丢失数据
rf.cpp(46): warning C4267: “初始化”: 从“size_t”转换到“int”，可能丢失数据
rf.cpp(193): warning C4267: “初始化”: 从“size_t”转换到“int”，可能丢失数据
rf.cpp(199): warning C4244: “初始化”: 从“int64”转换到“double”，可能丢失数据
  faceDetect.cpp
faceDetect.cpp(26): warning C4244: “=”: 从“LONGLONG”转换到“double”，可能丢失数据
faceDetect.cpp(99): warning C4244: “参数”: 从“int”转换到“float”，可能丢失数据
faceDetect.cpp(110): warning C4244: “参数”: 从“int”转换到“float”，可能丢失数据
faceDetect.cpp(130): warning C4244: “参数”: 从“int”转换到“float”，可能丢失数据
faceDetect.cpp(140): warning C4244: “=”: 从“float”转换到“int”，可能丢失数据
faceDetect.cpp(141): warning C4244: “=”: 从“float”转换到“int”，可能丢失数据
faceDetect.cpp(142): warning C4244: “=”: 从“float”转换到“int”，可能丢失数据
faceDetect.cpp(143): warning C4244: “=”: 从“float”转换到“int”，可能丢失数据
faceDetect.cpp(145): warning C4244: “参数”: 从“float”转换到“int”，可能丢失数据
  test.cpp
test.cpp(33): warning C4244: “参数”: 从“double”转换到“int”，可能丢失数据
  train.cpp
train.cpp(55): warning C4244: “参数”: 从“double”转换到“int”，可能丢失数据
train.cpp(64): warning C4267: “初始化”: 从“size_t”转换到“int”，可能丢失数据
train.cpp(79): warning C4244: “=”: 从“double”转换到“int”，可能丢失数据
train.cpp(80): warning C4244: “=”: 从“double”转换到“int”，可能丢失数据
train.cpp(81): warning C4244: “=”: 从“double”转换到“int”，可能丢失数据
train.cpp(82): warning C4244: “=”: 从“double”转换到“int”，可能丢失数据
train.cpp(171): warning C4267: “初始化”: 从“size_t”转换到“int”，可能丢失数据
train.cpp(192): warning C4244: “参数”: 从“time_t”转换到“unsigned int”，可能丢失数据
train.cpp(194): warning C4244: “参数”: 从“time_t”转换到“unsigned int”，可能丢失数据
train.cpp(196): warning C4244: “参数”: 从“time_t”转换到“unsigned int”，可能丢失数据
train.cpp(198): warning C4244: “参数”: 从“time_t”转换到“unsigned int”，可能丢失数据
train.cpp(207): warning C4244: “初始化”: 从“int64”转换到“double”，可能丢失数据
  daxpy.c
  ddot.c
  dnrm2.c
  dscal.c
  TOF_FACE_LANDMARK.vcxproj -> D:\Code_2017\TOF_FACE_LANDMARK\x64\Release\TOF_FACE_LANDMARK.lib
