d:\code_2017\tof_face_landmark\tof_face_landmark\x64\debug\tof_face_landmark.pdb
d:\code_2017\tof_face_landmark\tof_face_landmark\x64\debug\tof_face_landmark.idb
d:\code_2017\tof_face_landmark\tof_face_landmark\x64\debug\common.obj
d:\code_2017\tof_face_landmark\tof_face_landmark\x64\debug\lbf.obj
d:\code_2017\tof_face_landmark\tof_face_landmark\x64\debug\linear.obj
d:\code_2017\tof_face_landmark\tof_face_landmark\x64\debug\tron.obj
d:\code_2017\tof_face_landmark\tof_face_landmark\x64\debug\picornt.obj
d:\code_2017\tof_face_landmark\tof_face_landmark\x64\debug\prepare.obj
d:\code_2017\tof_face_landmark\tof_face_landmark\x64\debug\rf.obj
d:\code_2017\tof_face_landmark\tof_face_landmark\x64\debug\facedetect.obj
d:\code_2017\tof_face_landmark\tof_face_landmark\x64\debug\test.obj
d:\code_2017\tof_face_landmark\tof_face_landmark\x64\debug\train.obj
d:\code_2017\tof_face_landmark\tof_face_landmark\x64\debug\daxpy.obj
d:\code_2017\tof_face_landmark\tof_face_landmark\x64\debug\ddot.obj
d:\code_2017\tof_face_landmark\tof_face_landmark\x64\debug\dnrm2.obj
d:\code_2017\tof_face_landmark\tof_face_landmark\x64\debug\dscal.obj
d:\code_2017\tof_face_landmark\x64\debug\tof_face_landmarkd.lib
d:\code_2017\tof_face_landmark\x64\debug\tof_face_landmark.pdb
d:\code_2017\tof_face_landmark\tof_face_landmark\x64\debug\tof_face.c9f4ce39.tlog\cl.command.1.tlog
d:\code_2017\tof_face_landmark\tof_face_landmark\x64\debug\tof_face.c9f4ce39.tlog\cl.read.1.tlog
d:\code_2017\tof_face_landmark\tof_face_landmark\x64\debug\tof_face.c9f4ce39.tlog\cl.write.1.tlog
d:\code_2017\tof_face_landmark\tof_face_landmark\x64\debug\tof_face.c9f4ce39.tlog\lib-link.read.1.tlog
d:\code_2017\tof_face_landmark\tof_face_landmark\x64\debug\tof_face.c9f4ce39.tlog\lib-link.write.1.tlog
d:\code_2017\tof_face_landmark\tof_face_landmark\x64\debug\tof_face.c9f4ce39.tlog\lib.command.1.tlog
