Determining if the pthread_create exist failed with the following output:
Change Dir: /home/ruyiwei/projects/FaceLandMark/CMakeFiles/CMakeTmp

Run Build Command:"/usr/bin/make" "cmTC_55109/fast"
/usr/bin/make -f CMakeFiles/cmTC_55109.dir/build.make CMakeFiles/cmTC_55109.dir/build
make[1]: Entering directory '/home/ruyiwei/projects/FaceLandMark/CMakeFiles/CMakeTmp'
Building C object CMakeFiles/cmTC_55109.dir/CheckSymbolExists.c.o
/usr/bin/cc    -fPIC    -o CMakeFiles/cmTC_55109.dir/CheckSymbolExists.c.o   -c /home/ruyiwei/projects/FaceLandMark/CMakeFiles/CMakeTmp/CheckSymbolExists.c
Linking C executable cmTC_55109
/usr/bin/cmake -E cmake_link_script CMakeFiles/cmTC_55109.dir/link.txt --verbose=1
/usr/bin/cc  -fPIC     CMakeFiles/cmTC_55109.dir/CheckSymbolExists.c.o  -o cmTC_55109 -rdynamic 
CMakeFiles/cmTC_55109.dir/CheckSymbolExists.c.o: In function `main':
CheckSymbolExists.c:(.text+0x1b): undefined reference to `pthread_create'
collect2: error: ld returned 1 exit status
CMakeFiles/cmTC_55109.dir/build.make:97: recipe for target 'cmTC_55109' failed
make[1]: *** [cmTC_55109] Error 1
make[1]: Leaving directory '/home/ruyiwei/projects/FaceLandMark/CMakeFiles/CMakeTmp'
Makefile:126: recipe for target 'cmTC_55109/fast' failed
make: *** [cmTC_55109/fast] Error 2

File /home/ruyiwei/projects/FaceLandMark/CMakeFiles/CMakeTmp/CheckSymbolExists.c:
/* */
#include <pthread.h>

int main(int argc, char** argv)
{
  (void)argv;
#ifndef pthread_create
  return ((int*)(&pthread_create))[argc];
#else
  (void)argc;
  return 0;
#endif
}

Determining if the function pthread_create exists in the pthreads failed with the following output:
Change Dir: /home/ruyiwei/projects/FaceLandMark/CMakeFiles/CMakeTmp

Run Build Command:"/usr/bin/make" "cmTC_0424a/fast"
/usr/bin/make -f CMakeFiles/cmTC_0424a.dir/build.make CMakeFiles/cmTC_0424a.dir/build
make[1]: Entering directory '/home/ruyiwei/projects/FaceLandMark/CMakeFiles/CMakeTmp'
Building C object CMakeFiles/cmTC_0424a.dir/CheckFunctionExists.c.o
/usr/bin/cc    -fPIC -DCHECK_FUNCTION_EXISTS=pthread_create   -o CMakeFiles/cmTC_0424a.dir/CheckFunctionExists.c.o   -c /usr/share/cmake-3.5/Modules/CheckFunctionExists.c
Linking C executable cmTC_0424a
/usr/bin/cmake -E cmake_link_script CMakeFiles/cmTC_0424a.dir/link.txt --verbose=1
/usr/bin/cc  -fPIC -DCHECK_FUNCTION_EXISTS=pthread_create    CMakeFiles/cmTC_0424a.dir/CheckFunctionExists.c.o  -o cmTC_0424a -rdynamic -lpthreads 
/usr/bin/ld: cannot find -lpthreads
collect2: error: ld returned 1 exit status
CMakeFiles/cmTC_0424a.dir/build.make:97: recipe for target 'cmTC_0424a' failed
make[1]: *** [cmTC_0424a] Error 1
make[1]: Leaving directory '/home/ruyiwei/projects/FaceLandMark/CMakeFiles/CMakeTmp'
Makefile:126: recipe for target 'cmTC_0424a/fast' failed
make: *** [cmTC_0424a/fast] Error 2


